{"level":"info","message":"::1 - - [23/Dec/2021:20:31:28 +0000] \"POST /register HTTP/1.1\" 404 148 \"-\" \"PostmanRuntime/7.28.4\"\n","timestamp":"2021-12-23T20:31:28.571Z"}
{"level":"info","message":"::1 - - [23/Dec/2021:20:31:37 +0000] \"POST /register HTTP/1.1\" 404 148 \"-\" \"PostmanRuntime/7.28.4\"\n","timestamp":"2021-12-23T20:31:37.819Z"}
{"level":"info","message":"::1 - - [23/Dec/2021:20:32:20 +0000] \"POST /api/register HTTP/1.1\" 200 243 \"-\" \"PostmanRuntime/7.28.4\"\n","timestamp":"2021-12-23T20:32:20.956Z"}
{"level":"info","message":"::1 - - [24/Dec/2021:09:07:58 +0000] \"POST /manejador/createBot HTTP/1.1\" 404 159 \"-\" \"PostmanRuntime/7.28.4\"\n","timestamp":"2021-12-24T09:07:58.677Z"}
{"level":"info","message":"::1 - - [24/Dec/2021:09:08:04 +0000] \"GET /manejador/createBot HTTP/1.1\" 404 158 \"-\" \"PostmanRuntime/7.28.4\"\n","timestamp":"2021-12-24T09:08:04.849Z"}
{"level":"info","message":"::1 - - [24/Dec/2021:09:12:54 +0000] \"GET /manejador/createBot HTTP/1.1\" 500 1338 \"-\" \"PostmanRuntime/7.28.4\"\n","timestamp":"2021-12-24T09:12:54.857Z"}
{"level":"info","message":"::1 - - [24/Dec/2021:09:16:09 +0000] \"GET /manejador/createBot HTTP/1.1\" 200 2880 \"-\" \"PostmanRuntime/7.28.4\"\n","timestamp":"2021-12-24T09:16:09.855Z"}
{"level":"info","message":"::1 - - [24/Dec/2021:09:21:48 +0000] \"GET /manejador/createBot HTTP/1.1\" 200 2864 \"-\" \"PostmanRuntime/7.28.4\"\n","timestamp":"2021-12-24T09:21:48.717Z"}
{"level":"info","message":"::1 - - [24/Dec/2021:09:25:22 +0000] \"GET /manejador/createBot HTTP/1.1\" 200 9274 \"-\" \"PostmanRuntime/7.28.4\"\n","timestamp":"2021-12-24T09:25:22.092Z"}
{"level":"info","message":"::1 - - [24/Dec/2021:09:27:19 +0000] \"GET /manejador/createBot HTTP/1.1\" 200 152 \"-\" \"PostmanRuntime/7.28.4\"\n","timestamp":"2021-12-24T09:27:19.336Z"}
{"level":"info","message":"::1 - - [24/Dec/2021:09:30:31 +0000] \"GET /manejador/createBot HTTP/1.1\" 200 2938 \"-\" \"PostmanRuntime/7.28.4\"\n","timestamp":"2021-12-24T09:30:31.621Z"}
{"level":"info","message":"::1 - - [24/Dec/2021:10:05:08 +0000] \"GET /manejador/createBot HTTP/1.1\" - - \"-\" \"PostmanRuntime/7.28.4\"\n","timestamp":"2021-12-24T10:05:08.921Z"}
{"level":"info","message":"::1 - - [24/Dec/2021:10:07:20 +0000] \"GET /manejador/createBot HTTP/1.1\" 200 2964 \"-\" \"PostmanRuntime/7.28.4\"\n","timestamp":"2021-12-24T10:07:20.521Z"}
{"level":"info","message":"::1 - - [24/Dec/2021:10:19:57 +0000] \"GET /manejador/createBot HTTP/1.1\" 200 6836 \"-\" \"PostmanRuntime/7.28.4\"\n","timestamp":"2021-12-24T10:19:57.948Z"}
{"level":"info","message":"::1 - - [24/Dec/2021:10:20:52 +0000] \"GET /manejador/createBot HTTP/1.1\" 200 9372 \"-\" \"PostmanRuntime/7.28.4\"\n","timestamp":"2021-12-24T10:20:52.300Z"}
{"level":"info","message":"::1 - - [24/Dec/2021:10:22:13 +0000] \"GET /manejador/createBot HTTP/1.1\" 200 2870 \"-\" \"PostmanRuntime/7.28.4\"\n","timestamp":"2021-12-24T10:22:13.843Z"}
{"level":"info","message":"::1 - - [27/Dec/2021:10:10:35 +0000] \"POST /api/login HTTP/1.1\" 401 27 \"-\" \"PostmanRuntime/7.28.4\"\n","timestamp":"2021-12-27T10:10:35.453Z"}
{"level":"info","message":"::1 - - [27/Dec/2021:10:12:16 +0000] \"POST /api/login HTTP/1.1\" 200 311 \"-\" \"PostmanRuntime/7.28.4\"\n","timestamp":"2021-12-27T10:12:16.426Z"}
{"level":"info","message":"::1 - - [27/Dec/2021:10:13:27 +0000] \"POST /api/logout HTTP/1.1\" 404 150 \"-\" \"PostmanRuntime/7.28.4\"\n","timestamp":"2021-12-27T10:13:27.303Z"}
{"level":"info","message":"::ffff:127.0.0.1 - - [27/Dec/2021:10:13:46 +0000] \"POST /api/logout HTTP/1.1\" 500 17 \"-\" \"PostmanRuntime/7.28.4\"\n","timestamp":"2021-12-27T10:13:46.369Z"}
{"level":"info","message":"::1 - - [27/Dec/2021:10:13:57 +0000] \"POST /api/logout HTTP/1.1\" 500 17 \"-\" \"PostmanRuntime/7.28.4\"\n","timestamp":"2021-12-27T10:13:57.545Z"}
{"level":"info","message":"::1 - - [27/Dec/2021:10:22:33 +0000] \"POST /jira HTTP/1.1\" 500 122 \"-\" \"PostmanRuntime/7.28.4\"\n","timestamp":"2021-12-27T10:22:33.658Z"}
{"level":"info","message":"::ffff:127.0.0.1 - - [27/Dec/2021:10:24:26 +0000] \"POST /jira HTTP/1.1\" 200 287 \"-\" \"PostmanRuntime/7.28.4\"\n","timestamp":"2021-12-27T10:24:26.933Z"}
{"level":"info","message":"::1 - - [27/Dec/2021:10:26:22 +0000] \"GET /jira/4 HTTP/1.1\" 200 215 \"-\" \"PostmanRuntime/7.28.4\"\n","timestamp":"2021-12-27T10:26:22.839Z"}
{"level":"info","message":"::1 - - [27/Dec/2021:10:27:10 +0000] \"DELETE /jira/4 HTTP/1.1\" 404 148 \"-\" \"PostmanRuntime/7.28.4\"\n","timestamp":"2021-12-27T10:27:10.285Z"}
{"level":"info","message":"::1 - - [27/Dec/2021:10:28:21 +0000] \"PUT /jira/4 HTTP/1.1\" 200 44 \"-\" \"PostmanRuntime/7.28.4\"\n","timestamp":"2021-12-27T10:28:21.325Z"}
{"level":"info","message":"::1 - - [27/Dec/2021:10:31:23 +0000] \"POST /campo HTTP/1.1\" 200 150 \"-\" \"PostmanRuntime/7.28.4\"\n","timestamp":"2021-12-27T10:31:23.256Z"}
{"level":"info","message":"::1 - - [27/Dec/2021:10:32:18 +0000] \"POST /campo HTTP/1.1\" 200 154 \"-\" \"PostmanRuntime/7.28.4\"\n","timestamp":"2021-12-27T10:32:18.333Z"}
{"level":"info","message":"::1 - - [27/Dec/2021:10:37:34 +0000] \"GET /campo HTTP/1.1\" 200 753 \"-\" \"PostmanRuntime/7.28.4\"\n","timestamp":"2021-12-27T10:37:34.186Z"}
{"level":"info","message":"::1 - - [27/Dec/2021:10:41:01 +0000] \"POST /campo/14 HTTP/1.1\" 404 148 \"-\" \"PostmanRuntime/7.28.4\"\n","timestamp":"2021-12-27T10:41:01.003Z"}
{"level":"info","message":"::1 - - [27/Dec/2021:10:41:07 +0000] \"PUT /campo/14 HTTP/1.1\" 200 45 \"-\" \"PostmanRuntime/7.28.4\"\n","timestamp":"2021-12-27T10:41:07.458Z"}
{"level":"info","message":"::1 - - [27/Dec/2021:10:41:23 +0000] \"DELETE /campo/14 HTTP/1.1\" 404 150 \"-\" \"PostmanRuntime/7.28.4\"\n","timestamp":"2021-12-27T10:41:23.258Z"}
{"level":"info","message":"::1 - - [27/Dec/2021:10:41:32 +0000] \"DELETE /campo/14 HTTP/1.1\" 404 150 \"-\" \"PostmanRuntime/7.28.4\"\n","timestamp":"2021-12-27T10:41:32.063Z"}
{"level":"info","message":"::ffff:127.0.0.1 - - [27/Dec/2021:10:41:48 +0000] \"DELETE /campo/14 HTTP/1.1\" 200 45 \"-\" \"PostmanRuntime/7.28.4\"\n","timestamp":"2021-12-27T10:41:48.693Z"}
{"level":"info","message":"::1 - - [27/Dec/2021:10:43:54 +0000] \"POST /cliente HTTP/1.1\" 500 49 \"-\" \"PostmanRuntime/7.28.4\"\n","timestamp":"2021-12-27T10:43:54.224Z"}
{"level":"info","message":"::1 - - [27/Dec/2021:10:46:26 +0000] \"POST /cliente HTTP/1.1\" 500 49 \"-\" \"PostmanRuntime/7.28.4\"\n","timestamp":"2021-12-27T10:46:26.894Z"}
{"level":"info","message":"::1 - - [27/Dec/2021:11:06:23 +0000] \"POST /cliente HTTP/1.1\" 500 1341 \"-\" \"PostmanRuntime/7.28.4\"\n","timestamp":"2021-12-27T11:06:23.467Z"}
{"level":"info","message":"::1 - - [27/Dec/2021:11:07:24 +0000] \"POST /cliente HTTP/1.1\" 500 1346 \"-\" \"PostmanRuntime/7.28.4\"\n","timestamp":"2021-12-27T11:07:24.444Z"}
{"level":"info","message":"::1 - - [27/Dec/2021:11:10:55 +0000] \"POST /cliente HTTP/1.1\" 500 206 \"-\" \"PostmanRuntime/7.28.4\"\n","timestamp":"2021-12-27T11:10:55.069Z"}
{"level":"info","message":"::ffff:127.0.0.1 - - [27/Dec/2021:11:11:54 +0000] \"POST /cliente HTTP/1.1\" 500 206 \"-\" \"PostmanRuntime/7.28.4\"\n","timestamp":"2021-12-27T11:11:54.852Z"}
{"level":"info","message":"::1 - - [27/Dec/2021:11:12:58 +0000] \"POST /cliente HTTP/1.1\" 500 206 \"-\" \"PostmanRuntime/7.28.4\"\n","timestamp":"2021-12-27T11:12:58.843Z"}
{"level":"info","message":"::1 - - [27/Dec/2021:11:13:11 +0000] \"POST /cliente HTTP/1.1\" 500 1341 \"-\" \"PostmanRuntime/7.28.4\"\n","timestamp":"2021-12-27T11:13:11.065Z"}
{"level":"info","message":"::1 - - [27/Dec/2021:11:15:50 +0000] \"POST /cliente HTTP/1.1\" 500 202 \"-\" \"PostmanRuntime/7.28.4\"\n","timestamp":"2021-12-27T11:15:50.464Z"}
{"level":"info","message":"::1 - - [27/Dec/2021:11:17:04 +0000] \"POST /cliente HTTP/1.1\" 500 202 \"-\" \"PostmanRuntime/7.28.4\"\n","timestamp":"2021-12-27T11:17:04.863Z"}
{"level":"info","message":"::ffff:127.0.0.1 - - [27/Dec/2021:11:18:42 +0000] \"POST /cliente HTTP/1.1\" 500 214 \"-\" \"PostmanRuntime/7.28.4\"\n","timestamp":"2021-12-27T11:18:42.933Z"}
{"level":"info","message":"::1 - - [27/Dec/2021:11:19:24 +0000] \"POST /cliente HTTP/1.1\" 500 214 \"-\" \"PostmanRuntime/7.28.4\"\n","timestamp":"2021-12-27T11:19:24.802Z"}
{"level":"info","message":"::1 - - [27/Dec/2021:11:19:32 +0000] \"POST /cliente HTTP/1.1\" 500 171 \"-\" \"PostmanRuntime/7.28.4\"\n","timestamp":"2021-12-27T11:19:32.423Z"}
{"level":"info","message":"::ffff:127.0.0.1 - - [27/Dec/2021:11:20:31 +0000] \"POST /cliente HTTP/1.1\" 500 61 \"-\" \"PostmanRuntime/7.28.4\"\n","timestamp":"2021-12-27T11:20:31.425Z"}
{"level":"info","message":"::1 - - [27/Dec/2021:11:21:14 +0000] \"POST /cliente HTTP/1.1\" 500 231 \"-\" \"PostmanRuntime/7.28.4\"\n","timestamp":"2021-12-27T11:21:14.491Z"}
{"level":"info","message":"::1 - - [27/Dec/2021:11:21:43 +0000] \"POST /cliente HTTP/1.1\" 200 5 \"-\" \"PostmanRuntime/7.28.4\"\n","timestamp":"2021-12-27T11:21:43.272Z"}
{"level":"info","message":"::1 - - [27/Dec/2021:11:23:27 +0000] \"POST /cliente HTTP/1.1\" 200 5 \"-\" \"PostmanRuntime/7.28.4\"\n","timestamp":"2021-12-27T11:23:27.188Z"}
{"level":"info","message":"::1 - - [27/Dec/2021:11:25:06 +0000] \"POST /cliente HTTP/1.1\" 500 30 \"-\" \"PostmanRuntime/7.28.4\"\n","timestamp":"2021-12-27T11:25:06.605Z"}
{"level":"info","message":"::1 - - [27/Dec/2021:11:29:44 +0000] \"POST /cliente HTTP/1.1\" 500 30 \"-\" \"PostmanRuntime/7.28.4\"\n","timestamp":"2021-12-27T11:29:44.122Z"}
{"level":"info","message":"::1 - - [27/Dec/2021:11:31:02 +0000] \"POST /cliente HTTP/1.1\" 500 195 \"-\" \"PostmanRuntime/7.28.4\"\n","timestamp":"2021-12-27T11:31:02.509Z"}
{"level":"info","message":"::1 - - [27/Dec/2021:11:31:24 +0000] \"POST /cliente HTTP/1.1\" 500 30 \"-\" \"PostmanRuntime/7.28.4\"\n","timestamp":"2021-12-27T11:31:24.205Z"}
{"level":"info","message":"::1 - - [27/Dec/2021:11:32:31 +0000] \"POST /cliente HTTP/1.1\" 200 5 \"-\" \"PostmanRuntime/7.28.4\"\n","timestamp":"2021-12-27T11:32:31.162Z"}
{"level":"info","message":"::1 - - [27/Dec/2021:11:32:45 +0000] \"POST /cliente HTTP/1.1\" 500 30 \"-\" \"PostmanRuntime/7.28.4\"\n","timestamp":"2021-12-27T11:32:45.608Z"}
{"level":"info","message":"::1 - - [27/Dec/2021:11:33:19 +0000] \"POST /cliente HTTP/1.1\" 200 5 \"-\" \"PostmanRuntime/7.28.4\"\n","timestamp":"2021-12-27T11:33:19.519Z"}
{"level":"info","message":"::1 - - [27/Dec/2021:11:33:43 +0000] \"POST /cliente HTTP/1.1\" 200 5 \"-\" \"PostmanRuntime/7.28.4\"\n","timestamp":"2021-12-27T11:33:43.327Z"}
{"level":"info","message":"::1 - - [27/Dec/2021:11:33:59 +0000] \"POST /cliente HTTP/1.1\" 200 5 \"-\" \"PostmanRuntime/7.28.4\"\n","timestamp":"2021-12-27T11:33:59.223Z"}
{"level":"info","message":"::1 - - [27/Dec/2021:11:34:55 +0000] \"POST /cliente HTTP/1.1\" 200 5 \"-\" \"PostmanRuntime/7.28.4\"\n","timestamp":"2021-12-27T11:34:55.226Z"}
{"level":"info","message":"::1 - - [27/Dec/2021:11:35:11 +0000] \"POST /cliente HTTP/1.1\" 200 5 \"-\" \"PostmanRuntime/7.28.4\"\n","timestamp":"2021-12-27T11:35:11.505Z"}
{"level":"info","message":"::1 - - [27/Dec/2021:11:35:29 +0000] \"POST /cliente HTTP/1.1\" 200 5 \"-\" \"PostmanRuntime/7.28.4\"\n","timestamp":"2021-12-27T11:35:29.592Z"}
{"level":"info","message":"::1 - - [27/Dec/2021:11:38:58 +0000] \"GET /cliente HTTP/1.1\" 500 57 \"-\" \"PostmanRuntime/7.28.4\"\n","timestamp":"2021-12-27T11:38:58.546Z"}
{"level":"info","message":"::ffff:127.0.0.1 - - [27/Dec/2021:11:40:39 +0000] \"GET /cliente HTTP/1.1\" 200 11 \"-\" \"PostmanRuntime/7.28.4\"\n","timestamp":"2021-12-27T11:40:39.234Z"}
{"level":"info","message":"::1 - - [27/Dec/2021:11:41:22 +0000] \"GET /cliente HTTP/1.1\" 200 11 \"-\" \"PostmanRuntime/7.28.4\"\n","timestamp":"2021-12-27T11:41:22.981Z"}
{"level":"info","message":"::ffff:127.0.0.1 - - [27/Dec/2021:11:44:26 +0000] \"GET /cliente HTTP/1.1\" 200 1191 \"-\" \"PostmanRuntime/7.28.4\"\n","timestamp":"2021-12-27T11:44:26.668Z"}
{"level":"info","message":"::1 - - [27/Dec/2021:11:46:39 +0000] \"GET /cliente/680980409 HTTP/1.1\" 200 2 \"-\" \"PostmanRuntime/7.28.4\"\n","timestamp":"2021-12-27T11:46:39.454Z"}
{"level":"info","message":"::1 - - [27/Dec/2021:11:47:14 +0000] \"GET /cliente/680980409 HTTP/1.1\" 404 156 \"-\" \"PostmanRuntime/7.28.4\"\n","timestamp":"2021-12-27T11:47:14.497Z"}
{"level":"info","message":"::1 - - [27/Dec/2021:11:47:31 +0000] \"GET /cliente/680980409 HTTP/1.1\" 200 2 \"-\" \"PostmanRuntime/7.28.4\"\n","timestamp":"2021-12-27T11:47:31.873Z"}
{"level":"info","message":"::1 - - [27/Dec/2021:11:48:42 +0000] \"GET /cliente/680980409 HTTP/1.1\" 200 97 \"-\" \"PostmanRuntime/7.28.4\"\n","timestamp":"2021-12-27T11:48:42.607Z"}
{"level":"info","message":"::1 - - [27/Dec/2021:12:17:30 +0000] \"GET /cliente/680980409 HTTP/1.1\" 200 97 \"-\" \"PostmanRuntime/7.28.4\"\n","timestamp":"2021-12-27T12:17:30.674Z"}
{"level":"info","message":"::1 - - [27/Dec/2021:12:19:55 +0000] \"PUT /cliente/680980409 HTTP/1.1\" 500 60 \"-\" \"PostmanRuntime/7.28.4\"\n","timestamp":"2021-12-27T12:19:55.001Z"}
{"level":"info","message":"::1 - - [27/Dec/2021:12:21:59 +0000] \"PUT /cliente/680980409 HTTP/1.1\" 500 60 \"-\" \"PostmanRuntime/7.28.4\"\n","timestamp":"2021-12-27T12:21:59.048Z"}
{"level":"info","message":"::ffff:127.0.0.1 - - [27/Dec/2021:12:30:32 +0000] \"PUT /cliente/680980409 HTTP/1.1\" 200 47 \"-\" \"PostmanRuntime/7.28.4\"\n","timestamp":"2021-12-27T12:30:32.465Z"}
{"level":"info","message":"::1 - - [27/Dec/2021:12:32:26 +0000] \"DELETE /cliente/680980409 HTTP/1.1\" 200 47 \"-\" \"PostmanRuntime/7.28.4\"\n","timestamp":"2021-12-27T12:32:26.956Z"}
{"level":"info","message":"::1 - - [27/Dec/2021:12:32:57 +0000] \"DELETE /cliente/680980405 HTTP/1.1\" 200 47 \"-\" \"PostmanRuntime/7.28.4\"\n","timestamp":"2021-12-27T12:32:57.566Z"}
{"level":"info","message":"::1 - - [27/Dec/2021:12:33:07 +0000] \"DELETE /cliente/680980406 HTTP/1.1\" 200 47 \"-\" \"PostmanRuntime/7.28.4\"\n","timestamp":"2021-12-27T12:33:07.434Z"}
{"level":"info","message":"::1 - - [27/Dec/2021:12:33:31 +0000] \"POST /cliente HTTP/1.1\" 200 5 \"-\" \"PostmanRuntime/7.28.4\"\n","timestamp":"2021-12-27T12:33:31.055Z"}
{"level":"info","message":"::1 - - [27/Dec/2021:12:35:41 +0000] \"POST /cliente HTTP/1.1\" 200 47 \"-\" \"PostmanRuntime/7.28.4\"\n","timestamp":"2021-12-27T12:35:41.307Z"}
{"level":"info","message":"::1 - - [27/Dec/2021:12:36:41 +0000] \"GET /cliente HTTP/1.1\" 200 1094 \"-\" \"PostmanRuntime/7.28.4\"\n","timestamp":"2021-12-27T12:36:41.380Z"}
{"level":"info","message":"::1 - - [27/Dec/2021:12:52:30 +0000] \"GET /proyecto HTTP/1.1\" 500 1345 \"-\" \"PostmanRuntime/7.28.4\"\n","timestamp":"2021-12-27T12:52:30.372Z"}
{"level":"info","message":"::1 - - [27/Dec/2021:12:53:14 +0000] \"GET /proyecto HTTP/1.1\" 500 1346 \"-\" \"PostmanRuntime/7.28.4\"\n","timestamp":"2021-12-27T12:53:14.597Z"}
{"level":"info","message":"::1 - - [27/Dec/2021:12:53:59 +0000] \"GET /proyecto HTTP/1.1\" 200 2 \"-\" \"PostmanRuntime/7.28.4\"\n","timestamp":"2021-12-27T12:53:59.209Z"}
{"level":"info","message":"::1 - - [27/Dec/2021:12:55:06 +0000] \"GET /proyecto HTTP/1.1\" 200 155 \"-\" \"PostmanRuntime/7.28.4\"\n","timestamp":"2021-12-27T12:55:06.902Z"}
{"level":"info","message":"::1 - - [27/Dec/2021:12:56:46 +0000] \"GET /proyecto HTTP/1.1\" 200 155 \"-\" \"PostmanRuntime/7.28.4\"\n","timestamp":"2021-12-27T12:56:46.212Z"}
{"level":"info","message":"::1 - - [27/Dec/2021:12:58:13 +0000] \"GET /proyecto HTTP/1.1\" 200 2 \"-\" \"PostmanRuntime/7.28.4\"\n","timestamp":"2021-12-27T12:58:13.983Z"}
{"level":"info","message":"::1 - - [27/Dec/2021:13:02:43 +0000] \"GET /proyecto HTTP/1.1\" 200 155 \"-\" \"PostmanRuntime/7.28.4\"\n","timestamp":"2021-12-27T13:02:43.787Z"}
{"level":"info","message":"::1 - - [27/Dec/2021:13:05:25 +0000] \"GET /proyecto HTTP/1.1\" - - \"-\" \"PostmanRuntime/7.28.4\"\n","timestamp":"2021-12-27T13:05:25.178Z"}
{"level":"info","message":"::ffff:127.0.0.1 - - [27/Dec/2021:13:05:46 +0000] \"GET /proyecto HTTP/1.1\" 200 155 \"-\" \"PostmanRuntime/7.28.4\"\n","timestamp":"2021-12-27T13:05:46.213Z"}
{"level":"info","message":"::1 - - [27/Dec/2021:13:06:23 +0000] \"GET /proyecto HTTP/1.1\" 200 155 \"-\" \"PostmanRuntime/7.28.4\"\n","timestamp":"2021-12-27T13:06:23.127Z"}
{"level":"info","message":"::1 - - [27/Dec/2021:13:06:34 +0000] \"GET /proyecto HTTP/1.1\" 200 155 \"-\" \"PostmanRuntime/7.28.4\"\n","timestamp":"2021-12-27T13:06:34.159Z"}
{"level":"info","message":"::1 - - [27/Dec/2021:13:08:43 +0000] \"GET /proyecto HTTP/1.1\" 200 2 \"-\" \"PostmanRuntime/7.28.4\"\n","timestamp":"2021-12-27T13:08:43.981Z"}
{"level":"info","message":"::1 - - [27/Dec/2021:13:09:39 +0000] \"GET /proyecto HTTP/1.1\" 200 160 \"-\" \"PostmanRuntime/7.28.4\"\n","timestamp":"2021-12-27T13:09:39.219Z"}
{"level":"info","message":"::ffff:127.0.0.1 - - [27/Dec/2021:13:12:38 +0000] \"GET /proyecto HTTP/1.1\" 200 5709 \"-\" \"PostmanRuntime/7.28.4\"\n","timestamp":"2021-12-27T13:12:38.082Z"}
{"level":"info","message":"::ffff:127.0.0.1 - - [27/Dec/2021:13:13:58 +0000] \"GET /proyecto HTTP/1.1\" 200 2 \"-\" \"PostmanRuntime/7.28.4\"\n","timestamp":"2021-12-27T13:13:58.047Z"}
{"level":"info","message":"::1 - - [27/Dec/2021:13:14:27 +0000] \"GET /proyecto HTTP/1.1\" 200 2 \"-\" \"PostmanRuntime/7.28.4\"\n","timestamp":"2021-12-27T13:14:27.972Z"}
{"level":"info","message":"::1 - - [27/Dec/2021:13:14:29 +0000] \"GET /proyecto HTTP/1.1\" 200 2 \"-\" \"PostmanRuntime/7.28.4\"\n","timestamp":"2021-12-27T13:14:29.805Z"}
{"level":"info","message":"::1 - - [27/Dec/2021:13:16:33 +0000] \"GET /proyecto HTTP/1.1\" 200 2 \"-\" \"PostmanRuntime/7.28.4\"\n","timestamp":"2021-12-27T13:16:33.567Z"}
{"level":"info","message":"::1 - - [27/Dec/2021:13:16:35 +0000] \"GET /proyecto HTTP/1.1\" 200 2 \"-\" \"PostmanRuntime/7.28.4\"\n","timestamp":"2021-12-27T13:16:35.107Z"}
{"level":"info","message":"::1 - - [27/Dec/2021:13:16:55 +0000] \"GET /proyecto HTTP/1.1\" 200 155 \"-\" \"PostmanRuntime/7.28.4\"\n","timestamp":"2021-12-27T13:16:55.952Z"}
{"level":"info","message":"::1 - - [27/Dec/2021:16:34:21 +0000] \"GET /proyecto HTTP/1.1\" 200 2 \"-\" \"PostmanRuntime/7.28.4\"\n","timestamp":"2021-12-27T16:34:21.978Z"}
{"level":"info","message":"::1 - - [27/Dec/2021:16:36:42 +0000] \"GET /proyecto HTTP/1.1\" 200 2 \"-\" \"PostmanRuntime/7.28.4\"\n","timestamp":"2021-12-27T16:36:42.202Z"}
{"level":"info","message":"::1 - - [27/Dec/2021:16:36:53 +0000] \"GET /proyecto HTTP/1.1\" 200 2 \"-\" \"PostmanRuntime/7.28.4\"\n","timestamp":"2021-12-27T16:36:53.389Z"}
{"level":"info","message":"::1 - - [27/Dec/2021:16:42:54 +0000] \"GET /cliente HTTP/1.1\" 200 1094 \"-\" \"PostmanRuntime/7.28.4\"\n","timestamp":"2021-12-27T16:42:54.783Z"}
{"level":"info","message":"::1 - - [27/Dec/2021:16:51:32 +0000] \"POST /ticket HTTP/1.1\" 200 246 \"-\" \"PostmanRuntime/7.28.4\"\n","timestamp":"2021-12-27T16:51:32.543Z"}
{"level":"info","message":"::1 - - [27/Dec/2021:16:57:03 +0000] \"POST /ticket HTTP/1.1\" 200 247 \"-\" \"PostmanRuntime/7.28.4\"\n","timestamp":"2021-12-27T16:57:03.642Z"}
{"level":"info","message":"::1 - - [27/Dec/2021:16:57:41 +0000] \"POST /ticket HTTP/1.1\" 200 247 \"-\" \"PostmanRuntime/7.28.4\"\n","timestamp":"2021-12-27T16:57:41.313Z"}
{"level":"info","message":"::1 - - [27/Dec/2021:16:59:37 +0000] \"POST /ticket HTTP/1.1\" 200 247 \"-\" \"PostmanRuntime/7.28.4\"\n","timestamp":"2021-12-27T16:59:37.257Z"}
{"level":"info","message":"::1 - - [27/Dec/2021:17:00:42 +0000] \"POST /ticket HTTP/1.1\" 200 247 \"-\" \"PostmanRuntime/7.28.4\"\n","timestamp":"2021-12-27T17:00:42.115Z"}
{"level":"info","message":"::1 - - [27/Dec/2021:17:01:06 +0000] \"POST /ticket HTTP/1.1\" 200 263 \"-\" \"PostmanRuntime/7.28.4\"\n","timestamp":"2021-12-27T17:01:06.999Z"}
{"level":"info","message":"::1 - - [27/Dec/2021:17:16:05 +0000] \"GET /cliente HTTP/1.1\" 200 1094 \"-\" \"PostmanRuntime/7.28.4\"\n","timestamp":"2021-12-27T17:16:05.329Z"}
{"level":"info","message":"::1 - - [27/Dec/2021:17:16:40 +0000] \"POST /dato HTTP/1.1\" 200 139 \"-\" \"PostmanRuntime/7.28.4\"\n","timestamp":"2021-12-27T17:16:40.980Z"}
{"level":"info","message":"::1 - - [27/Dec/2021:17:18:52 +0000] \"PUT /dato/4 HTTP/1.1\" 200 44 \"-\" \"PostmanRuntime/7.28.4\"\n","timestamp":"2021-12-27T17:18:52.858Z"}
{"level":"info","message":"::1 - - [27/Dec/2021:17:19:58 +0000] \"DELETE /dato/4 HTTP/1.1\" 404 148 \"-\" \"PostmanRuntime/7.28.4\"\n","timestamp":"2021-12-27T17:19:58.798Z"}
{"level":"info","message":"::1 - - [27/Dec/2021:17:21:12 +0000] \"DELETE /dato/4 HTTP/1.1\" 404 148 \"-\" \"PostmanRuntime/7.28.4\"\n","timestamp":"2021-12-27T17:21:12.959Z"}
{"level":"info","message":"::1 - - [27/Dec/2021:17:21:27 +0000] \"DELETE /dato/4 HTTP/1.1\" 404 148 \"-\" \"PostmanRuntime/7.28.4\"\n","timestamp":"2021-12-27T17:21:27.697Z"}
{"level":"info","message":"::1 - - [27/Dec/2021:17:21:42 +0000] \"DELETE /dato/4 HTTP/1.1\" 200 44 \"-\" \"PostmanRuntime/7.28.4\"\n","timestamp":"2021-12-27T17:21:42.615Z"}
{"level":"info","message":"::1 - - [27/Dec/2021:17:21:58 +0000] \"POST /dato HTTP/1.1\" 200 140 \"-\" \"PostmanRuntime/7.28.4\"\n","timestamp":"2021-12-27T17:21:58.333Z"}
{"level":"info","message":"::1 - - [27/Dec/2021:17:22:39 +0000] \"POST /campo HTTP/1.1\" 200 152 \"-\" \"PostmanRuntime/7.28.4\"\n","timestamp":"2021-12-27T17:22:39.677Z"}
{"level":"info","message":"::1 - - [27/Dec/2021:17:22:54 +0000] \"POST /campo HTTP/1.1\" 200 152 \"-\" \"PostmanRuntime/7.28.4\"\n","timestamp":"2021-12-27T17:22:54.832Z"}
{"level":"info","message":"::1 - - [27/Dec/2021:17:23:29 +0000] \"POST /dato HTTP/1.1\" 200 141 \"-\" \"PostmanRuntime/7.28.4\"\n","timestamp":"2021-12-27T17:23:29.262Z"}
{"level":"info","message":"::1 - - [27/Dec/2021:17:23:47 +0000] \"POST /dato HTTP/1.1\" 200 145 \"-\" \"PostmanRuntime/7.28.4\"\n","timestamp":"2021-12-27T17:23:47.065Z"}
{"level":"info","message":"::1 - - [27/Dec/2021:17:24:42 +0000] \"DELETE /dato/680980409 HTTP/1.1\" 200 77 \"-\" \"PostmanRuntime/7.28.4\"\n","timestamp":"2021-12-27T17:24:42.542Z"}
{"level":"info","message":"::1 - - [27/Dec/2021:17:25:02 +0000] \"DELETE /dato/telefono/680980409 HTTP/1.1\" 200 48 \"-\" \"PostmanRuntime/7.28.4\"\n","timestamp":"2021-12-27T17:25:02.175Z"}
{"level":"info","message":"::1 - - [27/Dec/2021:17:40:22 +0000] \"GET /dato/telefono/680980409 HTTP/1.1\" 200 2 \"-\" \"PostmanRuntime/7.28.4\"\n","timestamp":"2021-12-27T17:40:22.380Z"}
{"level":"info","message":"::1 - - [27/Dec/2021:17:47:15 +0000] \"GET /dato/telefono/680980409 HTTP/1.1\" 200 2 \"-\" \"PostmanRuntime/7.28.4\"\n","timestamp":"2021-12-27T17:47:15.795Z"}
{"level":"info","message":"::1 - - [27/Dec/2021:17:54:30 +0000] \"POST /dato HTTP/1.1\" 200 145 \"-\" \"PostmanRuntime/7.28.4\"\n","timestamp":"2021-12-27T17:54:30.144Z"}
{"level":"info","message":"::1 - - [27/Dec/2021:18:03:35 +0000] \"POST /cliente HTTP/1.1\" 200 47 \"-\" \"PostmanRuntime/7.28.4\"\n","timestamp":"2021-12-27T18:03:35.498Z"}
{"level":"info","message":"::1 - - [27/Dec/2021:18:04:06 +0000] \"POST /cliente HTTP/1.1\" 200 47 \"-\" \"PostmanRuntime/7.28.4\"\n","timestamp":"2021-12-27T18:04:06.550Z"}
{"level":"info","message":"::1 - - [27/Dec/2021:18:07:11 +0000] \"POST /cliente HTTP/1.1\" 500 1341 \"-\" \"PostmanRuntime/7.28.4\"\n","timestamp":"2021-12-27T18:07:11.252Z"}
{"level":"info","message":"::1 - - [27/Dec/2021:18:08:31 +0000] \"POST /cliente HTTP/1.1\" 500 1341 \"-\" \"PostmanRuntime/7.28.4\"\n","timestamp":"2021-12-27T18:08:31.618Z"}
{"level":"info","message":"::1 - - [27/Dec/2021:18:09:32 +0000] \"GET /cliente/680980409 HTTP/1.1\" 200 141 \"-\" \"PostmanRuntime/7.28.4\"\n","timestamp":"2021-12-27T18:09:32.747Z"}
{"level":"info","message":"::1 - - [27/Dec/2021:18:09:49 +0000] \"GET /cliente HTTP/1.1\" 200 1233 \"-\" \"PostmanRuntime/7.28.4\"\n","timestamp":"2021-12-27T18:09:49.288Z"}
{"level":"info","message":"::1 - - [27/Dec/2021:18:11:12 +0000] \"POST /cliente HTTP/1.1\" 500 1341 \"-\" \"PostmanRuntime/7.28.4\"\n","timestamp":"2021-12-27T18:11:12.598Z"}
{"level":"info","message":"::1 - - [27/Dec/2021:18:12:05 +0000] \"POST /cliente HTTP/1.1\" 500 1341 \"-\" \"PostmanRuntime/7.28.4\"\n","timestamp":"2021-12-27T18:12:05.328Z"}
{"level":"info","message":"::1 - - [27/Dec/2021:18:13:10 +0000] \"POST /cliente HTTP/1.1\" 500 60 \"-\" \"PostmanRuntime/7.28.4\"\n","timestamp":"2021-12-27T18:13:10.830Z"}
{"level":"info","message":"::1 - - [27/Dec/2021:18:13:31 +0000] \"POST /cliente HTTP/1.1\" 500 60 \"-\" \"PostmanRuntime/7.28.4\"\n","timestamp":"2021-12-27T18:13:31.108Z"}
{"level":"info","message":"::1 - - [27/Dec/2021:18:14:19 +0000] \"POST /cliente HTTP/1.1\" 500 58 \"-\" \"PostmanRuntime/7.28.4\"\n","timestamp":"2021-12-27T18:14:19.717Z"}
{"level":"info","message":"::1 - - [27/Dec/2021:18:15:05 +0000] \"POST /cliente HTTP/1.1\" 200 47 \"-\" \"PostmanRuntime/7.28.4\"\n","timestamp":"2021-12-27T18:15:05.606Z"}
{"level":"info","message":"::1 - - [27/Dec/2021:18:17:17 +0000] \"GET /dato/telefono/680980409 HTTP/1.1\" 500 1331 \"-\" \"PostmanRuntime/7.28.4\"\n","timestamp":"2021-12-27T18:17:17.360Z"}
{"level":"info","message":"::1 - - [27/Dec/2021:18:18:20 +0000] \"GET /dato/telefono/680980409 HTTP/1.1\" 200 44 \"-\" \"PostmanRuntime/7.28.4\"\n","timestamp":"2021-12-27T18:18:20.914Z"}
{"level":"info","message":"::1 - - [27/Dec/2021:18:39:12 +0000] \"POST /proyecto HTTP/1.1\" 200 132 \"-\" \"PostmanRuntime/7.28.4\"\n","timestamp":"2021-12-27T18:39:12.634Z"}
{"level":"info","message":"::1 - - [27/Dec/2021:18:39:23 +0000] \"POST /proyecto HTTP/1.1\" 200 131 \"-\" \"PostmanRuntime/7.28.4\"\n","timestamp":"2021-12-27T18:39:23.865Z"}
{"level":"info","message":"::1 - - [27/Dec/2021:18:39:30 +0000] \"POST /proyecto HTTP/1.1\" 200 131 \"-\" \"PostmanRuntime/7.28.4\"\n","timestamp":"2021-12-27T18:39:30.213Z"}
{"level":"info","message":"::1 - - [27/Dec/2021:18:40:20 +0000] \"GET /proyecto HTTP/1.1\" 200 1067 \"-\" \"PostmanRuntime/7.28.4\"\n","timestamp":"2021-12-27T18:40:20.550Z"}
{"level":"info","message":"::1 - - [27/Dec/2021:18:41:30 +0000] \"PUT /proyecto/24 HTTP/1.1\" 200 48 \"-\" \"PostmanRuntime/7.28.4\"\n","timestamp":"2021-12-27T18:41:30.980Z"}
{"level":"info","message":"::1 - - [27/Dec/2021:18:42:49 +0000] \"DELETE /proyecto/24 HTTP/1.1\" 200 48 \"-\" \"PostmanRuntime/7.28.4\"\n","timestamp":"2021-12-27T18:42:49.882Z"}
{"level":"info","message":"::1 - - [27/Dec/2021:18:44:06 +0000] \"GET /proyecto/nombre/CAU HTTP/1.1\" 200 266 \"-\" \"PostmanRuntime/7.28.4\"\n","timestamp":"2021-12-27T18:44:06.701Z"}
